{"total": {"lines":{"total":110,"covered":30,"skipped":0,"pct":27.27},"statements":{"total":111,"covered":30,"skipped":0,"pct":27.02},"functions":{"total":8,"covered":2,"skipped":0,"pct":25},"branches":{"total":53,"covered":11,"skipped":0,"pct":20.75},"branchesTrue":{"total":0,"covered":0,"skipped":0,"pct":"Unknown"}}
,"C:\\Users\\linju\\Desktop\\TP Y2S2\\DVOPS\\Assignment\\New folder\\BookTrack_DevOps_Project\\utils\\add-book-util.js": {"lines":{"total":20,"covered":2,"skipped":0,"pct":10},"functions":{"total":2,"covered":0,"skipped":0,"pct":0},"statements":{"total":21,"covered":2,"skipped":0,"pct":9.52},"branches":{"total":6,"covered":0,"skipped":0,"pct":0}}
,"C:\\Users\\linju\\Desktop\\TP Y2S2\\DVOPS\\Assignment\\New folder\\BookTrack_DevOps_Project\\utils\\add-transaction-util.js": {"lines":{"total":21,"covered":3,"skipped":0,"pct":14.28},"functions":{"total":1,"covered":0,"skipped":0,"pct":0},"statements":{"total":21,"covered":3,"skipped":0,"pct":14.28},"branches":{"total":10,"covered":0,"skipped":0,"pct":0}}
,"C:\\Users\\linju\\Desktop\\TP Y2S2\\DVOPS\\Assignment\\New folder\\BookTrack_DevOps_Project\\utils\\get-book-util.js": {"lines":{"total":10,"covered":3,"skipped":0,"pct":30},"functions":{"total":1,"covered":0,"skipped":0,"pct":0},"statements":{"total":10,"covered":3,"skipped":0,"pct":30},"branches":{"total":2,"covered":0,"skipped":0,"pct":0}}
,"C:\\Users\\linju\\Desktop\\TP Y2S2\\DVOPS\\Assignment\\New folder\\BookTrack_DevOps_Project\\utils\\search-book-util.js": {"lines":{"total":19,"covered":19,"skipped":0,"pct":100},"functions":{"total":2,"covered":2,"skipped":0,"pct":100},"statements":{"total":19,"covered":19,"skipped":0,"pct":100},"branches":{"total":11,"covered":11,"skipped":0,"pct":100}}
,"C:\\Users\\linju\\Desktop\\TP Y2S2\\DVOPS\\Assignment\\New folder\\BookTrack_DevOps_Project\\utils\\update-book-util.js": {"lines":{"total":40,"covered":3,"skipped":0,"pct":7.5},"functions":{"total":2,"covered":0,"skipped":0,"pct":0},"statements":{"total":40,"covered":3,"skipped":0,"pct":7.5},"branches":{"total":24,"covered":0,"skipped":0,"pct":0}}
}
