{"total": {"lines":{"total":289,"covered":50,"skipped":0,"pct":17.3},"statements":{"total":294,"covered":50,"skipped":0,"pct":17},"functions":{"total":32,"covered":8,"skipped":0,"pct":25},"branches":{"total":136,"covered":25,"skipped":0,"pct":18.38},"branchesTrue":{"total":0,"covered":0,"skipped":0,"pct":"Unknown"}}
,"C:\\Users\\linju\\Desktop\\TP Y2S2\\DVOPS\\Assignment\\New folder1\\BookTrack_DevOps_Project-LimJunLeDarius\\public\\js\\add-book.js": {"lines":{"total":72,"covered":3,"skipped":0,"pct":4.16},"functions":{"total":5,"covered":1,"skipped":0,"pct":20},"statements":{"total":72,"covered":3,"skipped":0,"pct":4.16},"branches":{"total":28,"covered":0,"skipped":0,"pct":0}}
,"C:\\Users\\linju\\Desktop\\TP Y2S2\\DVOPS\\Assignment\\New folder1\\BookTrack_DevOps_Project-LimJunLeDarius\\public\\js\\add-transaction.js": {"lines":{"total":42,"covered":0,"skipped":0,"pct":0},"functions":{"total":8,"covered":0,"skipped":0,"pct":0},"statements":{"total":42,"covered":0,"skipped":0,"pct":0},"branches":{"total":22,"covered":0,"skipped":0,"pct":0}}
,"C:\\Users\\linju\\Desktop\\TP Y2S2\\DVOPS\\Assignment\\New folder1\\BookTrack_DevOps_Project-LimJunLeDarius\\public\\js\\get-book.js": {"lines":{"total":31,"covered":18,"skipped":0,"pct":58.06},"functions":{"total":4,"covered":3,"skipped":0,"pct":75},"statements":{"total":31,"covered":18,"skipped":0,"pct":58.06},"branches":{"total":17,"covered":12,"skipped":0,"pct":70.58}}
,"C:\\Users\\linju\\Desktop\\TP Y2S2\\DVOPS\\Assignment\\New folder1\\BookTrack_DevOps_Project-LimJunLeDarius\\public\\js\\search-books.js": {"lines":{"total":28,"covered":27,"skipped":0,"pct":96.42},"functions":{"total":4,"covered":4,"skipped":0,"pct":100},"statements":{"total":28,"covered":27,"skipped":0,"pct":96.42},"branches":{"total":14,"covered":13,"skipped":0,"pct":92.85}}
,"C:\\Users\\linju\\Desktop\\TP Y2S2\\DVOPS\\Assignment\\New folder1\\BookTrack_DevOps_Project-LimJunLeDarius\\public\\js\\update-book.js": {"lines":{"total":116,"covered":2,"skipped":0,"pct":1.72},"functions":{"total":11,"covered":0,"skipped":0,"pct":0},"statements":{"total":121,"covered":2,"skipped":0,"pct":1.65},"branches":{"total":55,"covered":0,"skipped":0,"pct":0}}
}
