TN:
SF:utils\add-book-util.js
FN:5,addBook
FN:15,(anonymous_1)
FNF:2
FNH:0
FNDA:0,addBook
FNDA:0,(anonymous_1)
DA:2,1
DA:6,0
DA:8,0
DA:11,0
DA:14,0
DA:15,0
DA:18,0
DA:19,0
DA:20,0
DA:24,0
DA:25,0
DA:26,0
DA:30,0
DA:31,0
DA:35,0
DA:45,0
DA:46,0
DA:48,0
DA:49,0
DA:54,1
LF:20
LH:2
BRDA:19,0,0,0
BRDA:19,0,1,0
BRDA:25,1,0,0
BRDA:25,1,1,0
BRDA:30,2,0,0
BRDA:30,2,1,0
BRF:6
BRH:0
end_of_record
TN:
SF:utils\add-transaction-util.js
FN:4,addTransaction
FNF:1
FNH:0
FNDA:0,addTransaction
DA:1,1
DA:2,1
DA:5,0
DA:7,0
DA:9,0
DA:10,0
DA:11,0
DA:15,0
DA:16,0
DA:20,0
DA:21,0
DA:23,0
DA:24,0
DA:28,0
DA:33,0
DA:34,0
DA:38,0
DA:45,0
DA:46,0
DA:48,0
DA:52,1
LF:21
LH:3
BRDA:10,0,0,0
BRDA:10,0,1,0
BRDA:15,1,0,0
BRDA:15,1,1,0
BRDA:23,2,0,0
BRDA:23,2,1,0
BRDA:23,3,0,0
BRDA:23,3,1,0
BRDA:33,4,0,0
BRDA:33,4,1,0
BRF:10
BRH:0
end_of_record
TN:
SF:utils\get-book-util.js
FN:5,getBooks
FNF:1
FNH:0
FNDA:0,getBooks
DA:1,1
DA:2,1
DA:6,0
DA:7,0
DA:10,0
DA:11,0
DA:14,0
DA:16,0
DA:19,0
DA:29,1
LF:10
LH:3
BRDA:10,0,0,0
BRDA:10,0,1,0
BRF:2
BRH:0
end_of_record
TN:
SF:utils\search-book-util.js
FN:5,searchBooks
FN:51,escapeRegex
FNF:2
FNH:2
FNDA:8,searchBooks
FNDA:4,escapeRegex
DA:2,1
DA:3,1
DA:6,8
DA:9,8
DA:10,2
DA:14,6
DA:15,1
DA:19,5
DA:20,5
DA:21,1
DA:24,4
DA:26,4
DA:31,2
DA:32,1
DA:36,1
DA:39,2
DA:42,2
DA:52,4
DA:55,1
LF:19
LH:19
BRDA:9,0,0,2
BRDA:9,0,1,6
BRDA:9,1,0,8
BRDA:9,1,1,6
BRDA:9,1,2,6
BRDA:14,2,0,1
BRDA:14,2,1,5
BRDA:20,3,0,1
BRDA:20,3,1,4
BRDA:31,4,0,1
BRDA:31,4,1,1
BRF:11
BRH:11
end_of_record
TN:
SF:utils\update-book-util.js
FN:7,updateBook
FN:74,fetchBookById
FNF:2
FNH:0
FNDA:0,updateBook
FNDA:0,fetchBookById
DA:2,1
DA:4,1
DA:8,0
DA:10,0
DA:13,0
DA:16,0
DA:17,0
DA:20,0
DA:21,0
DA:24,0
DA:25,0
DA:29,0
DA:30,0
DA:31,0
DA:35,0
DA:36,0
DA:37,0
DA:38,0
DA:44,0
DA:46,0
DA:47,0
DA:49,0
DA:53,0
DA:62,0
DA:63,0
DA:65,0
DA:68,0
DA:69,0
DA:75,0
DA:76,0
DA:79,0
DA:80,0
DA:83,0
DA:84,0
DA:85,0
DA:86,0
DA:88,0
DA:90,0
DA:91,0
DA:95,1
LF:40
LH:3
BRDA:16,0,0,0
BRDA:16,0,1,0
BRDA:20,1,0,0
BRDA:20,1,1,0
BRDA:24,2,0,0
BRDA:24,2,1,0
BRDA:30,3,0,0
BRDA:30,3,1,0
BRDA:35,4,0,0
BRDA:35,4,1,0
BRDA:37,5,0,0
BRDA:37,5,1,0
BRDA:44,6,0,0
BRDA:44,6,1,0
BRDA:46,7,0,0
BRDA:46,7,1,0
BRDA:59,8,0,0
BRDA:59,8,1,0
BRDA:62,9,0,0
BRDA:62,9,1,0
BRDA:79,10,0,0
BRDA:79,10,1,0
BRDA:85,11,0,0
BRDA:85,11,1,0
BRF:24
BRH:0
end_of_record
